# JRE version: Java(TM) SE Runtime Environment (8.0_51-b16) (build 1.8.0_51-b16)
# Java VM: Java HotSpot(TM) 64-Bit Server VM (25.51-b03 mixed mode bsd-amd64 compressed oops)
Heap:
 PSYoungGen      total 38400K, used 17031K [0x0000000795580000, 0x0000000798000000, 0x00000007c0000000)
  eden space 33280K, 41% used [0x0000000795580000,0x0000000796309d90,0x0000000797600000)
  from space 5120K, 61% used [0x0000000797600000,0x0000000797918010,0x0000000797b00000)
  to   space 5120K, 0% used [0x0000000797b00000,0x0000000797b00000,0x0000000798000000)
 ParOldGen       total 43008K, used 6837K [0x0000000740000000, 0x0000000742a00000, 0x0000000795580000)
  object space 43008K, 15% used [0x0000000740000000,0x00000007406ad5f8,0x0000000742a00000)
 Metaspace       used 24313K, capacity 25948K, committed 26112K, reserved 1071104K
  class space    used 3459K, capacity 3775K, committed 3840K, reserved 1048576K
GC Heap History (8 events):
Event: 1.230 GC heap before
{Heap before GC invocations=1 (full 0):
 PSYoungGen      total 38400K, used 33280K [0x0000000795580000, 0x0000000798000000, 0x00000007c0000000)
  eden space 33280K, 100% used [0x0000000795580000,0x0000000797600000,0x0000000797600000)
  from space 5120K, 0% used [0x0000000797b00000,0x0000000797b00000,0x0000000798000000)
  to   space 5120K, 0% used [0x0000000797600000,0x0000000797600000,0x0000000797b00000)
 ParOldGen       total 87552K, used 0K [0x0000000740000000, 0x0000000745580000, 0x0000000795580000)
  object space 87552K, 0% used [0x0000000740000000,0x0000000740000000,0x0000000745580000)
 Metaspace       used 17260K, capacity 17940K, committed 18048K, reserved 1064960K
  class space    used 2489K, capacity 2673K, committed 2688K, reserved 1048576K
Event: 1.237 GC heap after
Heap after GC invocations=1 (full 0):
 PSYoungGen      total 38400K, used 5014K [0x0000000795580000, 0x0000000798000000, 0x00000007c0000000)
  eden space 33280K, 0% used [0x0000000795580000,0x0000000795580000,0x0000000797600000)
  from space 5120K, 97% used [0x0000000797600000,0x0000000797ae58c0,0x0000000797b00000)
  to   space 5120K, 0% used [0x0000000797b00000,0x0000000797b00000,0x0000000798000000)
 ParOldGen       total 87552K, used 80K [0x0000000740000000, 0x0000000745580000, 0x0000000795580000)
  object space 87552K, 0% used [0x0000000740000000,0x0000000740014010,0x0000000745580000)
 Metaspace       used 17260K, capacity 17940K, committed 18048K, reserved 1064960K
  class space    used 2489K, capacity 2673K, committed 2688K, reserved 1048576K
}
Event: 9.725 GC heap before
{Heap before GC invocations=2 (full 0):
 PSYoungGen      total 38400K, used 18895K [0x0000000795580000, 0x0000000798000000, 0x00000007c0000000)
  eden space 33280K, 41% used [0x0000000795580000,0x000000079630e418,0x0000000797600000)
  from space 5120K, 97% used [0x0000000797600000,0x0000000797ae58c0,0x0000000797b00000)
  to   space 5120K, 0% used [0x0000000797b00000,0x0000000797b00000,0x0000000798000000)
 ParOldGen       total 87552K, used 80K [0x0000000740000000, 0x0000000745580000, 0x0000000795580000)
  object space 87552K, 0% used [0x0000000740000000,0x0000000740014010,0x0000000745580000)
 Metaspace       used 20234K, capacity 21142K, committed 21296K, reserved 1067008K
  class space    used 3012K, capacity 3218K, committed 3328K, reserved 1048576K
Event: 9.733 GC heap after
Heap after GC invocations=2 (full 0):
 PSYoungGen      total 38400K, used 5088K [0x0000000795580000, 0x0000000798000000, 0x00000007c0000000)
  eden space 33280K, 0% used [0x0000000795580000,0x0000000795580000,0x0000000797600000)
  from space 5120K, 99% used [0x0000000797b00000,0x0000000797ff8040,0x0000000798000000)
  to   space 5120K, 0% used [0x0000000797600000,0x0000000797600000,0x0000000797b00000)
 ParOldGen       total 87552K, used 2153K [0x0000000740000000, 0x0000000745580000, 0x0000000795580000)
  object space 87552K, 2% used [0x0000000740000000,0x000000074021a438,0x0000000745580000)
 Metaspace       used 20234K, capacity 21142K, committed 21296K, reserved 1067008K
  class space    used 3012K, capacity 3218K, committed 3328K, reserved 1048576K
}
Event: 9.733 GC heap before
{Heap before GC invocations=3 (full 1):
 PSYoungGen      total 38400K, used 5088K [0x0000000795580000, 0x0000000798000000, 0x00000007c0000000)
  eden space 33280K, 0% used [0x0000000795580000,0x0000000795580000,0x0000000797600000)
  from space 5120K, 99% used [0x0000000797b00000,0x0000000797ff8040,0x0000000798000000)
  to   space 5120K, 0% used [0x0000000797600000,0x0000000797600000,0x0000000797b00000)
 ParOldGen       total 87552K, used 2153K [0x0000000740000000, 0x0000000745580000, 0x0000000795580000)
  object space 87552K, 2% used [0x0000000740000000,0x000000074021a438,0x0000000745580000)
 Metaspace       used 20234K, capacity 21142K, committed 21296K, reserved 1067008K
  class space    used 3012K, capacity 3218K, committed 3328K, reserved 1048576K
Event: 9.765 GC heap after
Heap after GC invocations=3 (full 1):
 PSYoungGen      total 38400K, used 0K [0x0000000795580000, 0x0000000798000000, 0x00000007c0000000)
  eden space 33280K, 0% used [0x0000000795580000,0x0000000795580000,0x0000000797600000)
  from space 5120K, 0% used [0x0000000797b00000,0x0000000797b00000,0x0000000798000000)
  to   space 5120K, 0% used [0x0000000797600000,0x0000000797600000,0x0000000797b00000)
 ParOldGen       total 43008K, used 6829K [0x0000000740000000, 0x0000000742a00000, 0x0000000795580000)
  object space 43008K, 15% used [0x0000000740000000,0x00000007406ab5f8,0x0000000742a00000)
 Metaspace       used 20234K, capacity 21142K, committed 21296K, reserved 1067008K
  class space    used 3012K, capacity 3218K, committed 3328K, reserved 1048576K
}
Event: 105.852 GC heap before
{Heap before GC invocations=4 (full 1):
 PSYoungGen      total 38400K, used 33280K [0x0000000795580000, 0x0000000798000000, 0x00000007c0000000)
  eden space 33280K, 100% used [0x0000000795580000,0x0000000797600000,0x0000000797600000)
  from space 5120K, 0% used [0x0000000797b00000,0x0000000797b00000,0x0000000798000000)
  to   space 5120K, 0% used [0x0000000797600000,0x0000000797600000,0x0000000797b00000)
 ParOldGen       total 43008K, used 6829K [0x0000000740000000, 0x0000000742a00000, 0x0000000795580000)
  object space 43008K, 15% used [0x0000000740000000,0x00000007406ab5f8,0x0000000742a00000)
 Metaspace       used 23027K, capacity 24656K, committed 24704K, reserved 1071104K
  class space    used 3337K, capacity 3665K, committed 3712K, reserved 1048576K
Event: 105.857 GC heap after
Heap after GC invocations=4 (full 1):
 PSYoungGen      total 38400K, used 3168K [0x0000000795580000, 0x0000000798000000, 0x00000007c0000000)
  eden space 33280K, 0% used [0x0000000795580000,0x0000000795580000,0x0000000797600000)
  from space 5120K, 61% used [0x0000000797600000,0x0000000797918010,0x0000000797b00000)
  to   space 5120K, 0% used [0x0000000797b00000,0x0000000797b00000,0x0000000798000000)
 ParOldGen       total 43008K, used 6837K [0x0000000740000000, 0x0000000742a00000, 0x0000000795580000)
  object space 43008K, 15% used [0x0000000740000000,0x00000007406ad5f8,0x0000000742a00000)
 Metaspace       used 23027K, capacity 24656K, committed 24704K, reserved 1071104K
  class space    used 3337K, capacity 3665K, committed 3712K, reserved 1048576K
}

